<?xml version="1.0" encoding="UTF-8"?>
<!-- Generated by org.testng.reporters.JUnitXMLReporter -->
<testsuite ignored="0" hostname="DESKTOP-CQBT0OI" failures="0" tests="1" name="Test" time="32.726" errors="0" timestamp="2023-07-03T12:53:58 IST">
  <testcase classname="TestPolicyBazar.PB_TC_1020_ValidatePolicyBazar" name="@BeforeClass launchPolicyBazaar" time="32.51">
    <failure type="org.openqa.selenium.SessionNotCreatedException" message="Could not start a new session. Response code 404. Message: no such window: No target with given id found
  (Session info: chrome=114.0.5735.134) 
Host info: host: &amp;apos;DESKTOP-CQBT0OI&amp;apos;, ip: &amp;apos;172.20.160.1&amp;apos;
Build info: version: &amp;apos;4.9.0&amp;apos;, revision: &amp;apos;d7057100a6&amp;apos;
System info: os.name: &amp;apos;Windows 10&amp;apos;, os.arch: &amp;apos;amd64&amp;apos;, os.version: &amp;apos;10.0&amp;apos;, java.version: &amp;apos;17.0.6&amp;apos;
Driver info: org.openqa.selenium.chrome.ChromeDriver
Command: [null, newSession {capabilities=[Capabilities {browserName: chrome, goog:chromeOptions: {args: [--remote-allow-origins=*], extensions: []}}]}]">
      <![CDATA[org.openqa.selenium.SessionNotCreatedException: Could not start a new session. Response code 404. Message: no such window: No target with given id found
  (Session info: chrome=114.0.5735.134) 
Host info: host: 'DESKTOP-CQBT0OI', ip: '172.20.160.1'
Build info: version: '4.9.0', revision: 'd7057100a6'
System info: os.name: 'Windows 10', os.arch: 'amd64', os.version: '10.0', java.version: '17.0.6'
Driver info: org.openqa.selenium.chrome.ChromeDriver
Command: [null, newSession {capabilities=[Capabilities {browserName: chrome, goog:chromeOptions: {args: [--remote-allow-origins=*], extensions: []}}]}]
at org.openqa.selenium.remote.ProtocolHandshake.createSession(ProtocolHandshake.java:136)
at org.openqa.selenium.remote.ProtocolHandshake.createSession(ProtocolHandshake.java:94)
at org.openqa.selenium.remote.ProtocolHandshake.createSession(ProtocolHandshake.java:68)
at org.openqa.selenium.remote.HttpCommandExecutor.execute(HttpCommandExecutor.java:165)
at org.openqa.selenium.remote.service.DriverCommandExecutor.invokeExecute(DriverCommandExecutor.java:183)
at org.openqa.selenium.remote.service.DriverCommandExecutor.execute(DriverCommandExecutor.java:158)
at org.openqa.selenium.remote.RemoteWebDriver.execute(RemoteWebDriver.java:543)
at org.openqa.selenium.remote.RemoteWebDriver.startSession(RemoteWebDriver.java:229)
at org.openqa.selenium.remote.RemoteWebDriver.<init>(RemoteWebDriver.java:157)
at org.openqa.selenium.chromium.ChromiumDriver.<init>(ChromiumDriver.java:101)
at org.openqa.selenium.chrome.ChromeDriver.<init>(ChromeDriver.java:88)
at org.openqa.selenium.chrome.ChromeDriver.<init>(ChromeDriver.java:84)
at org.openqa.selenium.chrome.ChromeDriver.<init>(ChromeDriver.java:52)
at base.Base.launchBrowserUsingPropertyFile(Base.java:24)
at TestPolicyBazar.PB_TC_1020_ValidatePolicyBazar.launchPolicyBazaar(PB_TC_1020_ValidatePolicyBazar.java:33)
at java.base/java.util.ArrayList.forEach(ArrayList.java:1511)
... Removed 25 stack frames]]>
    </failure>
  </testcase> <!-- @BeforeClass launchPolicyBazaar -->
  <testcase classname="TestPolicyBazar.PB_TC_1020_ValidatePolicyBazar" name="@BeforeMethod signInToPolicyBazaar" time="0.0">
    <skipped/>
  </testcase> <!-- @BeforeMethod signInToPolicyBazaar -->
  <testcase classname="TestPolicyBazar.PB_TC_1020_ValidatePolicyBazar" name="@AfterMethod logoutFromPolicyBazaar" time="0.0">
    <skipped/>
  </testcase> <!-- @AfterMethod logoutFromPolicyBazaar -->
  <testcase classname="TestPolicyBazar.PB_TC_1020_ValidatePolicyBazar" name="@AfterClass closePoilicyBazaar" time="0.0">
    <skipped/>
  </testcase> <!-- @AfterClass closePoilicyBazaar -->
  <testcase classname="TestPolicyBazar.PB_TC_1020_ValidatePolicyBazar" name="validateUserName" time="0.0">
    <skipped/>
  </testcase> <!-- validateUserName -->
</testsuite> <!-- Test -->
